[00:18:02] [Server thread/WARN]: Can't keep up! Is the server overloaded? Running 5125ms or 102 ticks behind
[00:20:01] [Server thread/WARN]: Can't keep up! Is the server overloaded? Running 5148ms or 102 ticks behind
[00:29:17] [Server thread/WARN]: Can't keep up! Is the server overloaded? Running 5160ms or 103 ticks behind
[00:33:57] [Server thread/WARN]: Can't keep up! Is the server overloaded? Running 5150ms or 103 ticks behind
[01:12:21] [Server thread/WARN]: Can't keep up! Is the server overloaded? Running 5153ms or 103 ticks behind
[01:48:02] [Server thread/WARN]: Can't keep up! Is the server overloaded? Running 5129ms or 102 ticks behind
[02:03:42] [Server thread/WARN]: Can't keep up! Is the server overloaded? Running 5144ms or 102 ticks behind
[02:33:36] [Server thread/WARN]: Can't keep up! Is the server overloaded? Running 5151ms or 103 ticks behind
[02:48:02] [Server thread/WARN]: Can't keep up! Is the server overloaded? Running 3978ms or 79 ticks behind
[02:54:22] [Server thread/WARN]: Can't keep up! Is the server overloaded? Running 5173ms or 103 ticks behind
[02:57:17] [Server thread/WARN]: Can't keep up! Is the server overloaded? Running 5170ms or 103 ticks behind
[02:58:21] [Server thread/WARN]: Can't keep up! Is the server overloaded? Running 5169ms or 103 ticks behind
[03:03:32] [Server thread/WARN]: Can't keep up! Is the server overloaded? Running 5133ms or 102 ticks behind
[03:33:32] [Server thread/WARN]: Can't keep up! Is the server overloaded? Running 5147ms or 102 ticks behind
[04:23:09] [Server thread/WARN]: Can't keep up! Is the server overloaded? Running 5148ms or 102 ticks behind
[04:46:46] [Server thread/WARN]: Can't keep up! Is the server overloaded? Running 5133ms or 102 ticks behind
[05:02:44] [Server thread/WARN]: Can't keep up! Is the server overloaded? Running 5161ms or 103 ticks behind
[05:08:12] [Server thread/WARN]: Can't keep up! Is the server overloaded? Running 5145ms or 102 ticks behind
[05:37:47] [Server thread/WARN]: Can't keep up! Is the server overloaded? Running 5145ms or 102 ticks behind
[05:55:32] [Server thread/WARN]: Can't keep up! Is the server overloaded? Running 5129ms or 102 ticks behind
[06:03:32] [Server thread/WARN]: Can't keep up! Is the server overloaded? Running 5127ms or 102 ticks behind
[06:07:17] [Server thread/WARN]: Can't keep up! Is the server overloaded? Running 5130ms or 102 ticks behind
[06:10:02] [Server thread/WARN]: Can't keep up! Is the server overloaded? Running 5145ms or 102 ticks behind
[06:13:59] [Server thread/WARN]: Can't keep up! Is the server overloaded? Running 5137ms or 102 ticks behind
[06:26:26] [Server thread/WARN]: Can't keep up! Is the server overloaded? Running 5145ms or 102 ticks behind
[06:29:16] [Server thread/WARN]: Can't keep up! Is the server overloaded? Running 5151ms or 103 ticks behind
[07:03:31] [Server thread/WARN]: Can't keep up! Is the server overloaded? Running 5141ms or 102 ticks behind
[07:06:07] [Server thread/WARN]: Can't keep up! Is the server overloaded? Running 5172ms or 103 ticks behind
[07:18:45] [Server thread/WARN]: Can't keep up! Is the server overloaded? Running 5164ms or 103 ticks behind
[07:21:22] [Server thread/WARN]: Can't keep up! Is the server overloaded? Running 5144ms or 102 ticks behind
[07:25:31] [Server thread/WARN]: Can't keep up! Is the server overloaded? Running 5140ms or 102 ticks behind
[07:27:51] [Server thread/WARN]: Can't keep up! Is the server overloaded? Running 5162ms or 103 ticks behind
[07:30:27] [Server thread/WARN]: Can't keep up! Is the server overloaded? Running 5153ms or 103 ticks behind
[11:03:45] [Server thread/INFO]: Stopping the server
[11:03:46] [Server thread/INFO]: Stopping server
[11:03:46] [Server thread/INFO]: Saving players
[11:03:46] [Server thread/INFO]: Saving worlds
[11:03:46] [Server thread/INFO]: Saving chunks for level 'ServerLevel[world]'/minecraft:overworld
[11:03:47] [Server thread/INFO]: Saving chunks for level 'ServerLevel[world]'/minecraft:the_end
[11:03:47] [Server thread/INFO]: Saving chunks for level 'ServerLevel[world]'/minecraft:the_nether
[11:03:47] [Server thread/INFO]: ThreadedAnvilChunkStorage (world): All chunks are saved
[11:03:47] [Server thread/INFO]: ThreadedAnvilChunkStorage (DIM1): All chunks are saved
[11:03:47] [Server thread/INFO]: ThreadedAnvilChunkStorage (DIM-1): All chunks are saved
[11:03:47] [Server thread/INFO]: ThreadedAnvilChunkStorage: All dimensions are saved
